<?xml version="1.0" encoding="UTF-8"?>
<!-- Generated by org.testng.reporters.JUnitXMLReporter -->
<testsuite ignored="0" hostname="DESKTOP-NHOMGB7" failures="1" tests="1" name="Test" time="0.03" errors="0" timestamp="2021-07-18T06:46:29 EDT">
  <testcase classname="booking.Parameterdemo" name="testCase1" time="0.0">
    <failure type="org.testng.TestNGException" message="
Parameter &amp;apos;username&amp;apos; is required by @Test on method testCase1 but has not been marked @Optional or defined
in C:\Users\rumab\OneDrive\Desktop\BasicPracticeTestNg\parameter.xml">
      <![CDATA[org.testng.TestNGException: 
Parameter 'username' is required by @Test on method testCase1 but has not been marked @Optional or defined
in C:\Users\rumab\OneDrive\Desktop\BasicPracticeTestNg\parameter.xml
at java.base/java.util.ArrayList.forEach(ArrayList.java:1511)
... Removed 26 stack frames]]>
    </failure>
  </testcase> <!-- testCase1 -->
</testsuite> <!-- Test -->
