<?xml version="1.0" encoding="UTF-8"?>
<!-- Generated by org.testng.reporters.JUnitXMLReporter -->
<testsuite ignored="0" hostname="DESKTOP-NHOMGB7" failures="2" tests="2" name="Test" time="0.61" errors="0" timestamp="2021-07-20T06:26:52 EDT">
  <testcase classname="report.TestNGReportDemo" name="reporterTest1" time="0.591">
    <failure type="junit.framework.AssertionFailedError">
      <![CDATA[junit.framework.AssertionFailedError
at junit.framework.Assert.fail(Assert.java:55)
at junit.framework.Assert.assertTrue(Assert.java:22)
at junit.framework.Assert.assertTrue(Assert.java:31)
at report.TestNGReportDemo.reporterTest1(TestNGReportDemo.java:15)
at java.base/java.util.ArrayList.forEach(ArrayList.java:1511)
... Removed 27 stack frames]]>
    </failure>
  </testcase> <!-- reporterTest1 -->
  <testcase classname="report.TestNGReportDemo" name="reporterTest1" time="0.601">
    <failure type="java.lang.NullPointerException" message="Cannot invoke &amp;quot;org.openqa.selenium.TakesScreenshot.getScreenshotAs(org.openqa.selenium.OutputType)&amp;quot; because &amp;quot;Utilities.TestUtil.driver&amp;quot; is null">
      <![CDATA[java.lang.NullPointerException: Cannot invoke "org.openqa.selenium.TakesScreenshot.getScreenshotAs(org.openqa.selenium.OutputType)" because "Utilities.TestUtil.driver" is null
at Utilities.TestUtil.getScreenshot(TestUtil.java:19)
at report.ReportListener.onTestFailure(ReportListener.java:29)
at java.base/java.util.ArrayList.forEach(ArrayList.java:1511)
... Removed 24 stack frames]]>
    </failure>
  </testcase> <!-- reporterTest1 -->
</testsuite> <!-- Test -->
